<?xml version="1.0" encoding="UTF-8"?>
<testsuite xmlns:xsi="http://www.w3.org/2001/XMLSchema-instance" xsi:noNamespaceSchemaLocation="https://maven.apache.org/surefire/maven-surefire-plugin/xsd/surefire-test-report-3.0.xsd" version="3.0" name="com.example.vulnlogindemo.VulnLoginDemoApplicationTests" time="19.174" tests="1" errors="0" skipped="0" failures="0">
  <properties>
[...]
</properties>
  <testcase name="contextLoads" classname="com.example.vulnlogindemo.VulnLoginDemoApplicationTests" time="1.274">
    <system-out><![CDATA[11:19:40.581 [main] INFO org.springframework.test.context.support.AnnotationConfigContextLoaderUtils -- Could not detect default configuration classes for test class [com.example.vulnlogindemo.VulnLoginDemoApplicationTests]: VulnLoginDemoApplicationTests does not declare any static, non-private, non-final, nested classes annotated with @Configuration.
11:19:40.910 [main] INFO org.springframework.boot.test.context.SpringBootTestContextBootstrapper -- Found @SpringBootConfiguration com.example.vulnlogindemo.VulnLoginDemoApplication for test class com.example.vulnlogindemo.VulnLoginDemoApplicationTests

  .   ____          _            __ _ _
 /\\ / ___'_ __ _ _(_)_ __  __ _ \ \ \ \
( ( )\___ | '_ | '_| | '_ \/ _` | \ \ \ \
 \\/  ___)| |_)| | | | | || (_| |  ) ) ) )
  '  |____| .__|_| |_|_| |_\__, | / / / /
 =========|_|==============|___/=/_/_/_/

 :: Spring Boot ::                (v3.3.5)

2026-07-15T11:19:42.830+05:30  INFO 31928 --- [vuln-login-demo] [           main] c.e.v.VulnLoginDemoApplicationTests      : Starting VulnLoginDemoApplicationTests using Java 22 with PID 31928 (started by darshan.t in C:\Users\darshan.t\Desktop\Projects\vuln sites\vuln_login)
2026-07-15T11:19:42.832+05:30 DEBUG 31928 --- [vuln-login-demo] [           main] c.e.v.VulnLoginDemoApplicationTests      : Running with Spring Boot v3.3.5, Spring v6.1.14
2026-07-15T11:19:42.834+05:30  INFO 31928 --- [vuln-login-demo] [           main] c.e.v.VulnLoginDemoApplicationTests      : No active profile set, falling back to 1 default profile: "default"
2026-07-15T11:19:45.288+05:30  INFO 31928 --- [vuln-login-demo] [           main] .s.d.r.c.RepositoryConfigurationDelegate : Bootstrapping Spring Data JPA repositories in DEFAULT mode.
2026-07-15T11:19:45.439+05:30  INFO 31928 --- [vuln-login-demo] [           main] .s.d.r.c.RepositoryConfigurationDelegate : Finished Spring Data repository scanning in 126 ms. Found 1 JPA repository interface.
2026-07-15T11:19:47.394+05:30  INFO 31928 --- [vuln-login-demo] [           main] o.hibernate.jpa.internal.util.LogHelper  : HHH000204: Processing PersistenceUnitInfo [name: default]
2026-07-15T11:19:47.889+05:30  INFO 31928 --- [vuln-login-demo] [           main] org.hibernate.Version                    : HHH000412: Hibernate ORM core version 6.5.3.Final
2026-07-15T11:19:47.994+05:30  INFO 31928 --- [vuln-login-demo] [           main] o.h.c.internal.RegionFactoryInitiator    : HHH000026: Second-level cache disabled
2026-07-15T11:19:48.946+05:30  INFO 31928 --- [vuln-login-demo] [           main] o.s.o.j.p.SpringPersistenceUnitInfo      : No LoadTimeWeaver setup: ignoring JPA class transformer
2026-07-15T11:19:49.021+05:30  INFO 31928 --- [vuln-login-demo] [           main] com.zaxxer.hikari.HikariDataSource       : HikariPool-1 - Starting...
2026-07-15T11:19:49.469+05:30  INFO 31928 --- [vuln-login-demo] [           main] com.zaxxer.hikari.pool.HikariPool        : HikariPool-1 - Added connection conn0: url=jdbc:h2:mem:vulndb user=SA
2026-07-15T11:19:49.473+05:30  INFO 31928 --- [vuln-login-demo] [           main] com.zaxxer.hikari.HikariDataSource       : HikariPool-1 - Start completed.
2026-07-15T11:19:51.922+05:30  INFO 31928 --- [vuln-login-demo] [           main] o.h.e.t.j.p.i.JtaPlatformInitiator       : HHH000489: No JTA platform available (set 'hibernate.transaction.jta.platform' to enable JTA platform integration)
Hibernate: create table users (id bigint generated by default as identity, password varchar(255) not null, username varchar(255) not null, primary key (id))
Hibernate: alter table if exists users drop constraint if exists UKr43af9ap4edm43mmtq01oddj6
Hibernate: alter table if exists users add constraint UKr43af9ap4edm43mmtq01oddj6 unique (username)
2026-07-15T11:19:52.090+05:30  INFO 31928 --- [vuln-login-demo] [           main] j.LocalContainerEntityManagerFactoryBean : Initialized JPA EntityManagerFactory for persistence unit 'default'
2026-07-15T11:19:53.543+05:30  WARN 31928 --- [vuln-login-demo] [           main] JpaBaseConfiguration$JpaWebConfiguration : spring.jpa.open-in-view is enabled by default. Therefore, database queries may be performed during view rendering. Explicitly configure spring.jpa.open-in-view to disable this warning
2026-07-15T11:19:53.733+05:30  INFO 31928 --- [vuln-login-demo] [           main] r$InitializeUserDetailsManagerConfigurer : Global AuthenticationManager configured with UserDetailsService bean with name customUserDetailsService
2026-07-15T11:19:56.473+05:30  INFO 31928 --- [vuln-login-demo] [           main] o.s.b.a.h2.H2ConsoleAutoConfiguration    : H2 console available at '/h2-console'. Database available at 'jdbc:h2:mem:vulndb'
2026-07-15T11:19:56.699+05:30  INFO 31928 --- [vuln-login-demo] [           main] c.e.v.VulnLoginDemoApplicationTests      : Started VulnLoginDemoApplicationTests in 15.326 seconds (process running for 18.211)
Hibernate: select u1_0.id,u1_0.password,u1_0.username from users u1_0 where u1_0.username=?
Hibernate: insert into users (password,username,id) values (?,?,default)
]]></system-out>
    <system-err><![CDATA[WARNING: A Java agent has been loaded dynamically (C:\Users\darshan.t\.m2\repository\net\bytebuddy\byte-buddy-agent\1.14.19\byte-buddy-agent-1.14.19.jar)
WARNING: If a serviceability tool is in use, please run with -XX:+EnableDynamicAgentLoading to hide this warning
WARNING: If a serviceability tool is not in use, please run with -Djdk.instrument.traceUsage for more information
WARNING: Dynamic loading of agents will be disallowed by default in a future release
]]></system-err>
  </testcase>
</testsuite>